[2018/04/23 03:07:00] ERR - Payment notification signature is missing.array (
  0 => false,
)
[2018/04/23 03:11:22] MSG - Payment notification signature verification success.array (
  'appid' => 'wx63bad45520b15cb9',
  'bank_type' => 'CFT',
  'cash_fee' => '10',
  'fee_type' => 'CNY',
  'is_subscribe' => 'Y',
  'mch_id' => '1480107322',
  'nonce_str' => 'iofnejuqnptguej5miogampar2pzarci',
  'openid' => 'opKPZ1IaSSk88LGijdK9HPgG8-pE',
  'out_trade_no' => '51',
  'result_code' => 'SUCCESS',
  'return_code' => 'SUCCESS',
  'sign' => 'A1039883A45258599D5F8BE38A9CB4E2',
  'time_end' => '20180423111122',
  'total_fee' => '10',
  'trade_type' => 'NATIVE',
  'transaction_id' => '4200000083201804234252188718',
)
[2018/04/23 04:18:33] MSG - Payment notification signature verification success.array (
  'appid' => 'wx63bad45520b15cb9',
  'bank_type' => 'LQT',
  'cash_fee' => '10',
  'fee_type' => 'CNY',
  'is_subscribe' => 'Y',
  'mch_id' => '1480107322',
  'nonce_str' => 'p3rup4acbu07lolvnyffww9ruf6uiju6',
  'openid' => 'opKPZ1GS8z_EPaTC_sgmquNj6-jA',
  'out_trade_no' => '52',
  'result_code' => 'SUCCESS',
  'return_code' => 'SUCCESS',
  'sign' => '0C0F3950B3143440ECF5B2FF1B95F33F',
  'time_end' => '20180423121832',
  'total_fee' => '10',
  'trade_type' => 'NATIVE',
  'transaction_id' => '4200000100201804234261510566',
)
